<?xml version="1.0" encoding="UTF-8"?>
<!-- Generated by org.testng.reporters.JUnitReportReporter -->
<testsuite hostname="DESKTOP-C8JVRLH" failures="0" tests="1" name="mainrunner.MainMethod" time="10.251" errors="0" timestamp="22 Jul 2021 17:10:06 GMT" skipped="0">
  <testcase classname="mainrunner.MainMethod" name="mainMethod" time="10.251"/>
</testsuite> <!-- mainrunner.MainMethod -->
