<?xml version="1.0" encoding="UTF-8"?>
<!-- Generated by org.testng.reporters.JUnitReportReporter -->
<testsuite hostname="DESKTOP-C8JVRLH" failures="0" tests="1" name="com.mainmethod.Mainmethod" time="9.009" errors="0" timestamp="25 May 2021 15:54:48 GMT" skipped="0">
  <testcase classname="com.mainmethod.Mainmethod" name="mainMethod" time="9.009"/>
</testsuite> <!-- com.mainmethod.Mainmethod -->
