<?xml version="1.0" encoding="UTF-8"?>
<!-- Generated by org.testng.reporters.JUnitReportReporter -->
<testsuite hostname="DESKTOP-C8JVRLH" failures="0" tests="1" name="mainmethod.Mainmethod" time="17.922" errors="0" timestamp="19 May 2021 17:02:05 GMT" skipped="0">
  <testcase classname="mainmethod.Mainmethod" name="bookOrder" time="17.922"/>
</testsuite> <!-- mainmethod.Mainmethod -->
