<?xml version="1.0" encoding="UTF-8"?>
<!-- Generated by org.testng.reporters.JUnitReportReporter -->
<testsuite hostname="DESKTOP-C8JVRLH" failures="0" tests="1" name="com.mainmethod.MainMethod" time="0.657" errors="0" timestamp="21 Jun 2021 16:45:26 GMT" skipped="0">
  <testcase classname="com.mainmethod.MainMethod" name="mainMethod" time="0.657"/>
</testsuite> <!-- com.mainmethod.MainMethod -->
