<?xml version="1.0" encoding="UTF-8"?>
<!-- Generated by org.testng.reporters.JUnitReportReporter -->
<testsuite hostname="DESKTOP-C8JVRLH" failures="0" tests="1" name="com.mainmethod.MainRunner" time="17.465" errors="0" timestamp="07 Jul 2021 16:58:23 GMT" skipped="0">
  <testcase classname="com.mainmethod.MainRunner" name="run" time="17.465"/>
</testsuite> <!-- com.mainmethod.MainRunner -->
