<?xml version="1.0" encoding="UTF-8"?>
<!-- Generated by org.testng.reporters.JUnitReportReporter -->
<testsuite hostname="DESKTOP-C8JVRLH" failures="0" tests="1" name="demomaven.DemoTest" time="0.017" errors="0" timestamp="22 Jul 2021 17:55:38 GMT" skipped="0">
  <testcase classname="demomaven.DemoTest" name="demomethodtest" time="0.017"/>
</testsuite> <!-- demomaven.DemoTest -->
