<?xml version="1.0" encoding="UTF-8"?>
<!-- Generated by org.testng.reporters.JUnitReportReporter -->
<testsuite hostname="DESKTOP-C8JVRLH" failures="0" tests="1" name="demomaven.Demo" time="0.015" errors="0" timestamp="22 Jul 2021 17:43:16 GMT" skipped="0">
  <testcase classname="demomaven.Demo" name="demomethod" time="0.015"/>
</testsuite> <!-- demomaven.Demo -->
