<?xml version="1.0" encoding="UTF-8"?>
<!-- Generated by org.testng.reporters.JUnitReportReporter -->
<testsuite hostname="DESKTOP-C8JVRLH" failures="0" tests="1" name="mainmethod.Mainrunner" time="4.700" errors="0" timestamp="10 Jun 2021 09:01:42 GMT" skipped="0">
  <testcase classname="mainmethod.Mainrunner" name="mainMethod" time="4.700"/>
</testsuite> <!-- mainmethod.Mainrunner -->
